<?xml version="1.0" encoding="UTF-8"?>
<!-- Generated by org.testng.reporters.JUnitReportReporter -->
<testsuite skipped="0" hostname="ASIF" name="testCases.Testloginpage" tests="1" failures="0" timestamp="02 May 2022 11:52:20 GMT" time="0.632" errors="0">
  <testcase name="loginpage" time="0.632" classname="testCases.Testloginpage"/>
</testsuite> <!-- testCases.Testloginpage -->
